<?xml version="1.0" encoding="UTF-8"?>
<!-- Generated by org.testng.reporters.JUnitReportReporter -->
<testsuite hostname="DESKTOP-D96E9AC" failures="0" tests="1" name="test.Runner" time="11.562" errors="0" timestamp="2024-04-10T09:37:21 COT" skipped="0">
  <testcase classname="test.Runner" name="buscarProductoML" time="11.562"/>
  <system-out/>
</testsuite> <!-- test.Runner -->
